-------------------------------------------------------------------------------
Test set: org.Gorbachev.HomeWork_03.Test.GetTimeZoneApiTest
-------------------------------------------------------------------------------
Tests run: 1, Failures: 1, Errors: 0, Skipped: 0, Time elapsed: 0.254 s <<< FAILURE! - in org.Gorbachev.HomeWork_03.Test.GetTimeZoneApiTest
getTimeZoneInfo_shouldReturnValidData  Time elapsed: 0.254 s  <<< FAILURE!
java.lang.AssertionError: 
1 expectation failed.
Expected status code <200> but was <404>.

	at org.Gorbachev.HomeWork_03.Test.GetTimeZoneApiTest.getTimeZoneInfo_shouldReturnValidData(GetTimeZoneApiTest.java:28)

